2025-10-16T09:22:08.274-05:00  INFO 2368 --- [SysVentas] [JavaFX-Launcher] o.s.boot.SpringApplication               : Starting application using Java 17.0.16 with PID 2368 (started by SOFTWARE in D:\POO\DESARROLLO\G3\POO2025-C2G3-Real\SysVentas)
2025-10-16T09:22:08.277-05:00  INFO 2368 --- [SysVentas] [JavaFX-Launcher] o.s.boot.SpringApplication               : No active profile set, falling back to 1 default profile: "default"
2025-10-16T09:22:09.023-05:00  INFO 2368 --- [SysVentas] [JavaFX-Launcher] .s.d.r.c.RepositoryConfigurationDelegate : Bootstrapping Spring Data JPA repositories in DEFAULT mode.
2025-10-16T09:22:09.105-05:00  INFO 2368 --- [SysVentas] [JavaFX-Launcher] .s.d.r.c.RepositoryConfigurationDelegate : Finished Spring Data repository scanning in 74 ms. Found 15 JPA repository interfaces.
2025-10-16T09:22:09.533-05:00  INFO 2368 --- [SysVentas] [JavaFX-Launcher] o.hibernate.jpa.internal.util.LogHelper  : HHH000204: Processing PersistenceUnitInfo [name: default]
2025-10-16T09:22:09.598-05:00  INFO 2368 --- [SysVentas] [JavaFX-Launcher] org.hibernate.Version                    : HHH000412: Hibernate ORM core version 6.6.29.Final
2025-10-16T09:22:09.635-05:00  INFO 2368 --- [SysVentas] [JavaFX-Launcher] o.h.c.internal.RegionFactoryInitiator    : HHH000026: Second-level cache disabled
2025-10-16T09:22:09.966-05:00  INFO 2368 --- [SysVentas] [JavaFX-Launcher] o.s.o.j.p.SpringPersistenceUnitInfo      : No LoadTimeWeaver setup: ignoring JPA class transformer
2025-10-16T09:22:10.019-05:00  INFO 2368 --- [SysVentas] [JavaFX-Launcher] com.zaxxer.hikari.HikariDataSource       : HikariPool-1 - Starting...
2025-10-16T09:22:10.212-05:00  INFO 2368 --- [SysVentas] [JavaFX-Launcher] com.zaxxer.hikari.pool.HikariPool        : HikariPool-1 - Added connection org.sqlite.jdbc4.JDBC4Connection@2e6d2297
2025-10-16T09:22:10.213-05:00  INFO 2368 --- [SysVentas] [JavaFX-Launcher] com.zaxxer.hikari.HikariDataSource       : HikariPool-1 - Start completed.
2025-10-16T09:22:10.251-05:00  INFO 2368 --- [SysVentas] [JavaFX-Launcher] org.hibernate.orm.connections.pooling    : HHH10001005: Database info:
	Database JDBC URL [Connecting through datasource 'HikariDataSource (HikariPool-1)']
	Database driver: undefined/unknown
	Database version: 3.46
	Autocommit mode: undefined/unknown
	Isolation level: undefined/unknown
	Minimum pool size: undefined/unknown
	Maximum pool size: undefined/unknown
2025-10-16T09:22:11.620-05:00  INFO 2368 --- [SysVentas] [JavaFX-Launcher] o.h.e.t.j.p.i.JtaPlatformInitiator       : HHH000489: No JTA platform available (set 'hibernate.transaction.jta.platform' to enable JTA platform integration)
2025-10-16T09:22:11.657-05:00  INFO 2368 --- [SysVentas] [JavaFX-Launcher] j.LocalContainerEntityManagerFactoryBean : Initialized JPA EntityManagerFactory for persistence unit 'default'
2025-10-16T09:22:12.317-05:00  INFO 2368 --- [SysVentas] [JavaFX-Launcher] o.s.d.j.r.query.QueryEnhancerFactory     : Hibernate is in classpath; If applicable, HQL parser will be used.
2025-10-16T09:22:13.586-05:00  INFO 2368 --- [SysVentas] [JavaFX-Launcher] o.s.boot.SpringApplication               : Started application in 5.835 seconds (process running for 6.766)
2025-10-16T09:24:03.991-05:00  INFO 2368 --- [SysVentas] [SpringApplicationShutdownHook] j.LocalContainerEntityManagerFactoryBean : Closing JPA EntityManagerFactory for persistence unit 'default'
2025-10-16T09:24:03.995-05:00  INFO 2368 --- [SysVentas] [SpringApplicationShutdownHook] com.zaxxer.hikari.HikariDataSource       : HikariPool-1 - Shutdown initiated...
2025-10-16T09:24:03.998-05:00  INFO 2368 --- [SysVentas] [SpringApplicationShutdownHook] com.zaxxer.hikari.HikariDataSource       : HikariPool-1 - Shutdown completed.
2025-10-16T09:49:51.114-05:00  INFO 17664 --- [SysVentas] [JavaFX-Launcher] o.s.boot.SpringApplication               : Starting application using Java 25 with PID 17664 (started by SOFTWARE in D:\practicadevlady\PRACTICA\SysVentas)
2025-10-16T09:49:51.117-05:00  INFO 17664 --- [SysVentas] [JavaFX-Launcher] o.s.boot.SpringApplication               : No active profile set, falling back to 1 default profile: "default"
2025-10-16T09:49:52.315-05:00  INFO 17664 --- [SysVentas] [JavaFX-Launcher] .s.d.r.c.RepositoryConfigurationDelegate : Bootstrapping Spring Data JPA repositories in DEFAULT mode.
2025-10-16T09:49:52.399-05:00  INFO 17664 --- [SysVentas] [JavaFX-Launcher] .s.d.r.c.RepositoryConfigurationDelegate : Finished Spring Data repository scanning in 76 ms. Found 15 JPA repository interfaces.
2025-10-16T09:49:52.734-05:00  INFO 17664 --- [SysVentas] [JavaFX-Launcher] o.hibernate.jpa.internal.util.LogHelper  : HHH000204: Processing PersistenceUnitInfo [name: default]
2025-10-16T09:49:52.788-05:00  INFO 17664 --- [SysVentas] [JavaFX-Launcher] org.hibernate.Version                    : HHH000412: Hibernate ORM core version 6.6.29.Final
2025-10-16T09:49:52.819-05:00  INFO 17664 --- [SysVentas] [JavaFX-Launcher] o.h.c.internal.RegionFactoryInitiator    : HHH000026: Second-level cache disabled
2025-10-16T09:49:53.122-05:00  INFO 17664 --- [SysVentas] [JavaFX-Launcher] o.s.o.j.p.SpringPersistenceUnitInfo      : No LoadTimeWeaver setup: ignoring JPA class transformer
2025-10-16T09:49:53.170-05:00  INFO 17664 --- [SysVentas] [JavaFX-Launcher] com.zaxxer.hikari.HikariDataSource       : HikariPool-1 - Starting...
2025-10-16T09:49:53.372-05:00  INFO 17664 --- [SysVentas] [JavaFX-Launcher] com.zaxxer.hikari.pool.HikariPool        : HikariPool-1 - Added connection org.sqlite.jdbc4.JDBC4Connection@714b8adb
2025-10-16T09:49:53.375-05:00  INFO 17664 --- [SysVentas] [JavaFX-Launcher] com.zaxxer.hikari.HikariDataSource       : HikariPool-1 - Start completed.
2025-10-16T09:49:53.431-05:00  INFO 17664 --- [SysVentas] [JavaFX-Launcher] org.hibernate.orm.connections.pooling    : HHH10001005: Database info:
	Database JDBC URL [Connecting through datasource 'HikariDataSource (HikariPool-1)']
	Database driver: undefined/unknown
	Database version: 3.46
	Autocommit mode: undefined/unknown
	Isolation level: undefined/unknown
	Minimum pool size: undefined/unknown
	Maximum pool size: undefined/unknown
2025-10-16T09:49:54.638-05:00  INFO 17664 --- [SysVentas] [JavaFX-Launcher] o.h.e.t.j.p.i.JtaPlatformInitiator       : HHH000489: No JTA platform available (set 'hibernate.transaction.jta.platform' to enable JTA platform integration)
2025-10-16T09:49:54.681-05:00  INFO 17664 --- [SysVentas] [JavaFX-Launcher] j.LocalContainerEntityManagerFactoryBean : Initialized JPA EntityManagerFactory for persistence unit 'default'
2025-10-16T09:49:55.245-05:00  INFO 17664 --- [SysVentas] [JavaFX-Launcher] o.s.d.j.r.query.QueryEnhancerFactory     : Hibernate is in classpath; If applicable, HQL parser will be used.
2025-10-16T09:49:55.897-05:00  INFO 17664 --- [SysVentas] [JavaFX-Launcher] o.s.boot.SpringApplication               : Started application in 5.267 seconds (process running for 6.416)
2025-10-16T09:49:57.661-05:00  INFO 17664 --- [SysVentas] [SpringApplicationShutdownHook] j.LocalContainerEntityManagerFactoryBean : Closing JPA EntityManagerFactory for persistence unit 'default'
2025-10-16T09:49:57.663-05:00  INFO 17664 --- [SysVentas] [SpringApplicationShutdownHook] com.zaxxer.hikari.HikariDataSource       : HikariPool-1 - Shutdown initiated...
2025-10-16T09:49:57.666-05:00  INFO 17664 --- [SysVentas] [SpringApplicationShutdownHook] com.zaxxer.hikari.HikariDataSource       : HikariPool-1 - Shutdown completed.
2025-10-16T10:21:03.178-05:00  INFO 7264 --- [SysVentas] [JavaFX-Launcher] o.s.boot.SpringApplication               : Starting application using Java 25 with PID 7264 (started by SOFTWARE in D:\practicadevlady\PRACTICA\SysVentas)
2025-10-16T10:21:03.179-05:00  INFO 7264 --- [SysVentas] [JavaFX-Launcher] o.s.boot.SpringApplication               : No active profile set, falling back to 1 default profile: "default"
2025-10-16T10:21:03.730-05:00  INFO 7264 --- [SysVentas] [JavaFX-Launcher] .s.d.r.c.RepositoryConfigurationDelegate : Bootstrapping Spring Data JPA repositories in DEFAULT mode.
2025-10-16T10:21:03.809-05:00  INFO 7264 --- [SysVentas] [JavaFX-Launcher] .s.d.r.c.RepositoryConfigurationDelegate : Finished Spring Data repository scanning in 69 ms. Found 15 JPA repository interfaces.
2025-10-16T10:21:04.096-05:00  INFO 7264 --- [SysVentas] [JavaFX-Launcher] o.hibernate.jpa.internal.util.LogHelper  : HHH000204: Processing PersistenceUnitInfo [name: default]
2025-10-16T10:21:04.132-05:00  INFO 7264 --- [SysVentas] [JavaFX-Launcher] org.hibernate.Version                    : HHH000412: Hibernate ORM core version 6.6.29.Final
2025-10-16T10:21:04.162-05:00  INFO 7264 --- [SysVentas] [JavaFX-Launcher] o.h.c.internal.RegionFactoryInitiator    : HHH000026: Second-level cache disabled
2025-10-16T10:21:04.370-05:00  INFO 7264 --- [SysVentas] [JavaFX-Launcher] o.s.o.j.p.SpringPersistenceUnitInfo      : No LoadTimeWeaver setup: ignoring JPA class transformer
2025-10-16T10:21:04.408-05:00  INFO 7264 --- [SysVentas] [JavaFX-Launcher] com.zaxxer.hikari.HikariDataSource       : HikariPool-1 - Starting...
2025-10-16T10:21:04.580-05:00  INFO 7264 --- [SysVentas] [JavaFX-Launcher] com.zaxxer.hikari.pool.HikariPool        : HikariPool-1 - Added connection org.sqlite.jdbc4.JDBC4Connection@a2b94fc
2025-10-16T10:21:04.582-05:00  INFO 7264 --- [SysVentas] [JavaFX-Launcher] com.zaxxer.hikari.HikariDataSource       : HikariPool-1 - Start completed.
2025-10-16T10:21:04.611-05:00  INFO 7264 --- [SysVentas] [JavaFX-Launcher] org.hibernate.orm.connections.pooling    : HHH10001005: Database info:
	Database JDBC URL [Connecting through datasource 'HikariDataSource (HikariPool-1)']
	Database driver: undefined/unknown
	Database version: 3.46
	Autocommit mode: undefined/unknown
	Isolation level: undefined/unknown
	Minimum pool size: undefined/unknown
	Maximum pool size: undefined/unknown
2025-10-16T10:21:05.482-05:00  INFO 7264 --- [SysVentas] [JavaFX-Launcher] o.h.e.t.j.p.i.JtaPlatformInitiator       : HHH000489: No JTA platform available (set 'hibernate.transaction.jta.platform' to enable JTA platform integration)
2025-10-16T10:21:05.513-05:00  INFO 7264 --- [SysVentas] [JavaFX-Launcher] j.LocalContainerEntityManagerFactoryBean : Initialized JPA EntityManagerFactory for persistence unit 'default'
2025-10-16T10:21:05.809-05:00  INFO 7264 --- [SysVentas] [JavaFX-Launcher] o.s.d.j.r.query.QueryEnhancerFactory     : Hibernate is in classpath; If applicable, HQL parser will be used.
2025-10-16T10:21:06.327-05:00  INFO 7264 --- [SysVentas] [JavaFX-Launcher] o.s.boot.SpringApplication               : Started application in 3.521 seconds (process running for 4.171)
2025-10-16T10:21:47.470-05:00  WARN 7264 --- [SysVentas] [JavaFX Application Thread] o.h.engine.jdbc.spi.SqlExceptionHelper   : SQL Error: 19, SQLState: null
2025-10-16T10:21:47.470-05:00 ERROR 7264 --- [SysVentas] [JavaFX Application Thread] o.h.engine.jdbc.spi.SqlExceptionHelper   : [SQLITE_CONSTRAINT_NOTNULL] A NOT NULL constraint failed (NOT NULL constraint failed: upeu_producto.id_categoria)
2025-10-16T10:21:56.014-05:00  INFO 7264 --- [SysVentas] [SpringApplicationShutdownHook] j.LocalContainerEntityManagerFactoryBean : Closing JPA EntityManagerFactory for persistence unit 'default'
2025-10-16T10:21:56.017-05:00  INFO 7264 --- [SysVentas] [SpringApplicationShutdownHook] com.zaxxer.hikari.HikariDataSource       : HikariPool-1 - Shutdown initiated...
2025-10-16T10:21:56.019-05:00  INFO 7264 --- [SysVentas] [SpringApplicationShutdownHook] com.zaxxer.hikari.HikariDataSource       : HikariPool-1 - Shutdown completed.
2025-10-16T10:22:29.063-05:00  INFO 15888 --- [SysVentas] [JavaFX-Launcher] o.s.boot.SpringApplication               : Starting application using Java 25 with PID 15888 (started by SOFTWARE in D:\practicadevlady\PRACTICA\SysVentas)
2025-10-16T10:22:29.065-05:00  INFO 15888 --- [SysVentas] [JavaFX-Launcher] o.s.boot.SpringApplication               : No active profile set, falling back to 1 default profile: "default"
2025-10-16T10:22:29.636-05:00  INFO 15888 --- [SysVentas] [JavaFX-Launcher] .s.d.r.c.RepositoryConfigurationDelegate : Bootstrapping Spring Data JPA repositories in DEFAULT mode.
2025-10-16T10:22:29.715-05:00  INFO 15888 --- [SysVentas] [JavaFX-Launcher] .s.d.r.c.RepositoryConfigurationDelegate : Finished Spring Data repository scanning in 72 ms. Found 15 JPA repository interfaces.
2025-10-16T10:22:30.001-05:00  INFO 15888 --- [SysVentas] [JavaFX-Launcher] o.hibernate.jpa.internal.util.LogHelper  : HHH000204: Processing PersistenceUnitInfo [name: default]
2025-10-16T10:22:30.039-05:00  INFO 15888 --- [SysVentas] [JavaFX-Launcher] org.hibernate.Version                    : HHH000412: Hibernate ORM core version 6.6.29.Final
2025-10-16T10:22:30.060-05:00  INFO 15888 --- [SysVentas] [JavaFX-Launcher] o.h.c.internal.RegionFactoryInitiator    : HHH000026: Second-level cache disabled
2025-10-16T10:22:30.258-05:00  INFO 15888 --- [SysVentas] [JavaFX-Launcher] o.s.o.j.p.SpringPersistenceUnitInfo      : No LoadTimeWeaver setup: ignoring JPA class transformer
2025-10-16T10:22:30.295-05:00  INFO 15888 --- [SysVentas] [JavaFX-Launcher] com.zaxxer.hikari.HikariDataSource       : HikariPool-1 - Starting...
2025-10-16T10:22:30.454-05:00  INFO 15888 --- [SysVentas] [JavaFX-Launcher] com.zaxxer.hikari.pool.HikariPool        : HikariPool-1 - Added connection org.sqlite.jdbc4.JDBC4Connection@5829cf6
2025-10-16T10:22:30.455-05:00  INFO 15888 --- [SysVentas] [JavaFX-Launcher] com.zaxxer.hikari.HikariDataSource       : HikariPool-1 - Start completed.
2025-10-16T10:22:30.516-05:00  INFO 15888 --- [SysVentas] [JavaFX-Launcher] org.hibernate.orm.connections.pooling    : HHH10001005: Database info:
	Database JDBC URL [Connecting through datasource 'HikariDataSource (HikariPool-1)']
	Database driver: undefined/unknown
	Database version: 3.46
	Autocommit mode: undefined/unknown
	Isolation level: undefined/unknown
	Minimum pool size: undefined/unknown
	Maximum pool size: undefined/unknown
2025-10-16T10:22:31.425-05:00  INFO 15888 --- [SysVentas] [JavaFX-Launcher] o.h.e.t.j.p.i.JtaPlatformInitiator       : HHH000489: No JTA platform available (set 'hibernate.transaction.jta.platform' to enable JTA platform integration)
2025-10-16T10:22:31.458-05:00  INFO 15888 --- [SysVentas] [JavaFX-Launcher] j.LocalContainerEntityManagerFactoryBean : Initialized JPA EntityManagerFactory for persistence unit 'default'
2025-10-16T10:22:31.812-05:00  INFO 15888 --- [SysVentas] [JavaFX-Launcher] o.s.d.j.r.query.QueryEnhancerFactory     : Hibernate is in classpath; If applicable, HQL parser will be used.
2025-10-16T10:22:32.383-05:00  INFO 15888 --- [SysVentas] [JavaFX-Launcher] o.s.boot.SpringApplication               : Started application in 3.735 seconds (process running for 4.393)
2025-10-16T10:22:37.686-05:00  WARN 15888 --- [SysVentas] [JavaFX Application Thread] o.h.engine.jdbc.spi.SqlExceptionHelper   : SQL Error: 19, SQLState: null
2025-10-16T10:22:37.686-05:00 ERROR 15888 --- [SysVentas] [JavaFX Application Thread] o.h.engine.jdbc.spi.SqlExceptionHelper   : [SQLITE_CONSTRAINT_NOTNULL] A NOT NULL constraint failed (NOT NULL constraint failed: upeu_producto.id_categoria)
2025-10-16T10:22:39.603-05:00  INFO 15888 --- [SysVentas] [SpringApplicationShutdownHook] j.LocalContainerEntityManagerFactoryBean : Closing JPA EntityManagerFactory for persistence unit 'default'
2025-10-16T10:22:39.606-05:00  INFO 15888 --- [SysVentas] [SpringApplicationShutdownHook] com.zaxxer.hikari.HikariDataSource       : HikariPool-1 - Shutdown initiated...
2025-10-16T10:22:39.609-05:00  INFO 15888 --- [SysVentas] [SpringApplicationShutdownHook] com.zaxxer.hikari.HikariDataSource       : HikariPool-1 - Shutdown completed.
2025-10-16T10:27:08.574-05:00  INFO 14908 --- [SysVentas] [JavaFX-Launcher] o.s.boot.SpringApplication               : Starting application using Java 25 with PID 14908 (started by SOFTWARE in D:\practicadevlady\PRACTICA\SysVentas)
2025-10-16T10:27:08.576-05:00  INFO 14908 --- [SysVentas] [JavaFX-Launcher] o.s.boot.SpringApplication               : No active profile set, falling back to 1 default profile: "default"
2025-10-16T10:27:09.143-05:00  INFO 14908 --- [SysVentas] [JavaFX-Launcher] .s.d.r.c.RepositoryConfigurationDelegate : Bootstrapping Spring Data JPA repositories in DEFAULT mode.
2025-10-16T10:27:09.220-05:00  INFO 14908 --- [SysVentas] [JavaFX-Launcher] .s.d.r.c.RepositoryConfigurationDelegate : Finished Spring Data repository scanning in 70 ms. Found 15 JPA repository interfaces.
2025-10-16T10:27:09.513-05:00  INFO 14908 --- [SysVentas] [JavaFX-Launcher] o.hibernate.jpa.internal.util.LogHelper  : HHH000204: Processing PersistenceUnitInfo [name: default]
2025-10-16T10:27:09.550-05:00  INFO 14908 --- [SysVentas] [JavaFX-Launcher] org.hibernate.Version                    : HHH000412: Hibernate ORM core version 6.6.29.Final
2025-10-16T10:27:09.578-05:00  INFO 14908 --- [SysVentas] [JavaFX-Launcher] o.h.c.internal.RegionFactoryInitiator    : HHH000026: Second-level cache disabled
2025-10-16T10:27:09.783-05:00  INFO 14908 --- [SysVentas] [JavaFX-Launcher] o.s.o.j.p.SpringPersistenceUnitInfo      : No LoadTimeWeaver setup: ignoring JPA class transformer
2025-10-16T10:27:09.819-05:00  INFO 14908 --- [SysVentas] [JavaFX-Launcher] com.zaxxer.hikari.HikariDataSource       : HikariPool-1 - Starting...
2025-10-16T10:27:10.000-05:00  INFO 14908 --- [SysVentas] [JavaFX-Launcher] com.zaxxer.hikari.pool.HikariPool        : HikariPool-1 - Added connection org.sqlite.jdbc4.JDBC4Connection@776a5076
2025-10-16T10:27:10.002-05:00  INFO 14908 --- [SysVentas] [JavaFX-Launcher] com.zaxxer.hikari.HikariDataSource       : HikariPool-1 - Start completed.
2025-10-16T10:27:10.036-05:00  INFO 14908 --- [SysVentas] [JavaFX-Launcher] org.hibernate.orm.connections.pooling    : HHH10001005: Database info:
	Database JDBC URL [Connecting through datasource 'HikariDataSource (HikariPool-1)']
	Database driver: undefined/unknown
	Database version: 3.46
	Autocommit mode: undefined/unknown
	Isolation level: undefined/unknown
	Minimum pool size: undefined/unknown
	Maximum pool size: undefined/unknown
2025-10-16T10:27:10.932-05:00  INFO 14908 --- [SysVentas] [JavaFX-Launcher] o.h.e.t.j.p.i.JtaPlatformInitiator       : HHH000489: No JTA platform available (set 'hibernate.transaction.jta.platform' to enable JTA platform integration)
2025-10-16T10:27:10.964-05:00  INFO 14908 --- [SysVentas] [JavaFX-Launcher] j.LocalContainerEntityManagerFactoryBean : Initialized JPA EntityManagerFactory for persistence unit 'default'
2025-10-16T10:27:11.279-05:00  INFO 14908 --- [SysVentas] [JavaFX-Launcher] o.s.d.j.r.query.QueryEnhancerFactory     : Hibernate is in classpath; If applicable, HQL parser will be used.
2025-10-16T10:27:11.819-05:00  INFO 14908 --- [SysVentas] [JavaFX-Launcher] o.s.boot.SpringApplication               : Started application in 3.656 seconds (process running for 4.326)
2025-10-16T10:27:34.468-05:00  WARN 14908 --- [SysVentas] [JavaFX Application Thread] o.h.engine.jdbc.spi.SqlExceptionHelper   : SQL Error: 19, SQLState: null
2025-10-16T10:27:34.468-05:00 ERROR 14908 --- [SysVentas] [JavaFX Application Thread] o.h.engine.jdbc.spi.SqlExceptionHelper   : [SQLITE_CONSTRAINT_NOTNULL] A NOT NULL constraint failed (NOT NULL constraint failed: upeu_producto.id_categoria)
2025-10-16T10:27:38.349-05:00  INFO 14908 --- [SysVentas] [SpringApplicationShutdownHook] j.LocalContainerEntityManagerFactoryBean : Closing JPA EntityManagerFactory for persistence unit 'default'
2025-10-16T10:27:38.351-05:00  INFO 14908 --- [SysVentas] [SpringApplicationShutdownHook] com.zaxxer.hikari.HikariDataSource       : HikariPool-1 - Shutdown initiated...
2025-10-16T10:27:38.353-05:00  INFO 14908 --- [SysVentas] [SpringApplicationShutdownHook] com.zaxxer.hikari.HikariDataSource       : HikariPool-1 - Shutdown completed.
2025-10-16T10:29:27.832-05:00  INFO 5732 --- [SysVentas] [JavaFX-Launcher] o.s.boot.SpringApplication               : Starting application using Java 25 with PID 5732 (started by SOFTWARE in D:\practicadevlady\PRACTICA\SysVentas)
2025-10-16T10:29:27.833-05:00  INFO 5732 --- [SysVentas] [JavaFX-Launcher] o.s.boot.SpringApplication               : No active profile set, falling back to 1 default profile: "default"
2025-10-16T10:29:28.392-05:00  INFO 5732 --- [SysVentas] [JavaFX-Launcher] .s.d.r.c.RepositoryConfigurationDelegate : Bootstrapping Spring Data JPA repositories in DEFAULT mode.
2025-10-16T10:29:28.471-05:00  INFO 5732 --- [SysVentas] [JavaFX-Launcher] .s.d.r.c.RepositoryConfigurationDelegate : Finished Spring Data repository scanning in 71 ms. Found 15 JPA repository interfaces.
2025-10-16T10:29:28.772-05:00  INFO 5732 --- [SysVentas] [JavaFX-Launcher] o.hibernate.jpa.internal.util.LogHelper  : HHH000204: Processing PersistenceUnitInfo [name: default]
2025-10-16T10:29:28.811-05:00  INFO 5732 --- [SysVentas] [JavaFX-Launcher] org.hibernate.Version                    : HHH000412: Hibernate ORM core version 6.6.29.Final
2025-10-16T10:29:28.835-05:00  INFO 5732 --- [SysVentas] [JavaFX-Launcher] o.h.c.internal.RegionFactoryInitiator    : HHH000026: Second-level cache disabled
2025-10-16T10:29:29.071-05:00  INFO 5732 --- [SysVentas] [JavaFX-Launcher] o.s.o.j.p.SpringPersistenceUnitInfo      : No LoadTimeWeaver setup: ignoring JPA class transformer
2025-10-16T10:29:29.112-05:00  INFO 5732 --- [SysVentas] [JavaFX-Launcher] com.zaxxer.hikari.HikariDataSource       : HikariPool-1 - Starting...
2025-10-16T10:29:29.306-05:00  INFO 5732 --- [SysVentas] [JavaFX-Launcher] com.zaxxer.hikari.pool.HikariPool        : HikariPool-1 - Added connection org.sqlite.jdbc4.JDBC4Connection@1a714c9c
2025-10-16T10:29:29.307-05:00  INFO 5732 --- [SysVentas] [JavaFX-Launcher] com.zaxxer.hikari.HikariDataSource       : HikariPool-1 - Start completed.
2025-10-16T10:29:29.340-05:00  INFO 5732 --- [SysVentas] [JavaFX-Launcher] org.hibernate.orm.connections.pooling    : HHH10001005: Database info:
	Database JDBC URL [Connecting through datasource 'HikariDataSource (HikariPool-1)']
	Database driver: undefined/unknown
	Database version: 3.46
	Autocommit mode: undefined/unknown
	Isolation level: undefined/unknown
	Minimum pool size: undefined/unknown
	Maximum pool size: undefined/unknown
2025-10-16T10:29:30.263-05:00  INFO 5732 --- [SysVentas] [JavaFX-Launcher] o.h.e.t.j.p.i.JtaPlatformInitiator       : HHH000489: No JTA platform available (set 'hibernate.transaction.jta.platform' to enable JTA platform integration)
2025-10-16T10:29:30.295-05:00  INFO 5732 --- [SysVentas] [JavaFX-Launcher] j.LocalContainerEntityManagerFactoryBean : Initialized JPA EntityManagerFactory for persistence unit 'default'
2025-10-16T10:29:30.602-05:00  INFO 5732 --- [SysVentas] [JavaFX-Launcher] o.s.d.j.r.query.QueryEnhancerFactory     : Hibernate is in classpath; If applicable, HQL parser will be used.
2025-10-16T10:29:31.313-05:00  INFO 5732 --- [SysVentas] [JavaFX-Launcher] o.s.boot.SpringApplication               : Started application in 3.881 seconds (process running for 4.596)
2025-10-16T10:36:16.169-05:00  INFO 5732 --- [SysVentas] [SpringApplicationShutdownHook] j.LocalContainerEntityManagerFactoryBean : Closing JPA EntityManagerFactory for persistence unit 'default'
2025-10-16T10:36:16.174-05:00  INFO 5732 --- [SysVentas] [SpringApplicationShutdownHook] com.zaxxer.hikari.HikariDataSource       : HikariPool-1 - Shutdown initiated...
2025-10-16T10:36:16.177-05:00  INFO 5732 --- [SysVentas] [SpringApplicationShutdownHook] com.zaxxer.hikari.HikariDataSource       : HikariPool-1 - Shutdown completed.
2025-10-16T10:45:55.421-05:00  INFO 18112 --- [SysVentas] [JavaFX-Launcher] o.s.boot.SpringApplication               : Starting application using Java 25 with PID 18112 (started by SOFTWARE in D:\practicadevlady\PRACTICA\SysVentas)
2025-10-16T10:45:55.423-05:00  INFO 18112 --- [SysVentas] [JavaFX-Launcher] o.s.boot.SpringApplication               : No active profile set, falling back to 1 default profile: "default"
2025-10-16T10:45:55.998-05:00  INFO 18112 --- [SysVentas] [JavaFX-Launcher] .s.d.r.c.RepositoryConfigurationDelegate : Bootstrapping Spring Data JPA repositories in DEFAULT mode.
2025-10-16T10:45:56.078-05:00  INFO 18112 --- [SysVentas] [JavaFX-Launcher] .s.d.r.c.RepositoryConfigurationDelegate : Finished Spring Data repository scanning in 72 ms. Found 15 JPA repository interfaces.
2025-10-16T10:45:56.394-05:00  INFO 18112 --- [SysVentas] [JavaFX-Launcher] o.hibernate.jpa.internal.util.LogHelper  : HHH000204: Processing PersistenceUnitInfo [name: default]
2025-10-16T10:45:56.430-05:00  INFO 18112 --- [SysVentas] [JavaFX-Launcher] org.hibernate.Version                    : HHH000412: Hibernate ORM core version 6.6.29.Final
2025-10-16T10:45:56.459-05:00  INFO 18112 --- [SysVentas] [JavaFX-Launcher] o.h.c.internal.RegionFactoryInitiator    : HHH000026: Second-level cache disabled
2025-10-16T10:45:56.665-05:00  INFO 18112 --- [SysVentas] [JavaFX-Launcher] o.s.o.j.p.SpringPersistenceUnitInfo      : No LoadTimeWeaver setup: ignoring JPA class transformer
2025-10-16T10:45:56.701-05:00  INFO 18112 --- [SysVentas] [JavaFX-Launcher] com.zaxxer.hikari.HikariDataSource       : HikariPool-1 - Starting...
2025-10-16T10:45:56.908-05:00  INFO 18112 --- [SysVentas] [JavaFX-Launcher] com.zaxxer.hikari.pool.HikariPool        : HikariPool-1 - Added connection org.sqlite.jdbc4.JDBC4Connection@2bc6ee2b
2025-10-16T10:45:56.910-05:00  INFO 18112 --- [SysVentas] [JavaFX-Launcher] com.zaxxer.hikari.HikariDataSource       : HikariPool-1 - Start completed.
2025-10-16T10:45:56.938-05:00  INFO 18112 --- [SysVentas] [JavaFX-Launcher] org.hibernate.orm.connections.pooling    : HHH10001005: Database info:
	Database JDBC URL [Connecting through datasource 'HikariDataSource (HikariPool-1)']
	Database driver: undefined/unknown
	Database version: 3.46
	Autocommit mode: undefined/unknown
	Isolation level: undefined/unknown
	Minimum pool size: undefined/unknown
	Maximum pool size: undefined/unknown
2025-10-16T10:45:57.833-05:00  INFO 18112 --- [SysVentas] [JavaFX-Launcher] o.h.e.t.j.p.i.JtaPlatformInitiator       : HHH000489: No JTA platform available (set 'hibernate.transaction.jta.platform' to enable JTA platform integration)
2025-10-16T10:45:57.868-05:00  INFO 18112 --- [SysVentas] [JavaFX-Launcher] j.LocalContainerEntityManagerFactoryBean : Initialized JPA EntityManagerFactory for persistence unit 'default'
2025-10-16T10:45:58.193-05:00  INFO 18112 --- [SysVentas] [JavaFX-Launcher] o.s.d.j.r.query.QueryEnhancerFactory     : Hibernate is in classpath; If applicable, HQL parser will be used.
2025-10-16T10:45:58.779-05:00  INFO 18112 --- [SysVentas] [JavaFX-Launcher] o.s.boot.SpringApplication               : Started application in 3.756 seconds (process running for 4.389)
2025-10-16T10:46:06.927-05:00  INFO 18112 --- [SysVentas] [SpringApplicationShutdownHook] j.LocalContainerEntityManagerFactoryBean : Closing JPA EntityManagerFactory for persistence unit 'default'
2025-10-16T10:46:06.929-05:00  INFO 18112 --- [SysVentas] [SpringApplicationShutdownHook] com.zaxxer.hikari.HikariDataSource       : HikariPool-1 - Shutdown initiated...
2025-10-16T10:46:06.931-05:00  INFO 18112 --- [SysVentas] [SpringApplicationShutdownHook] com.zaxxer.hikari.HikariDataSource       : HikariPool-1 - Shutdown completed.
